<?xml version="1.0" encoding="UTF-8"?>
<testsuite xmlns:xsi="http://www.w3.org/2001/XMLSchema-instance" xsi:noNamespaceSchemaLocation="https://maven.apache.org/surefire/maven-surefire-plugin/xsd/surefire-test-report-3.0.xsd" version="3.0" name="com.buildbot.tech.ContactsManagementApplicationTests" time="11.675" tests="1" errors="0" skipped="0" failures="0">
  <properties>
[...]
</properties>
  <testcase name="contextLoads" classname="com.buildbot.tech.ContactsManagementApplicationTests" time="1.207">
    <system-out><![CDATA[00:06:09.034 [main] INFO org.springframework.test.context.support.AnnotationConfigContextLoaderUtils -- Could not detect default configuration classes for test class [com.buildbot.tech.ContactsManagementApplicationTests]: ContactsManagementApplicationTests does not declare any static, non-private, non-final, nested classes annotated with @Configuration.
00:06:09.194 [main] INFO org.springframework.boot.test.context.SpringBootTestContextBootstrapper -- Found @SpringBootConfiguration com.buildbot.tech.ContactsManagementApplication for test class com.buildbot.tech.ContactsManagementApplicationTests
00:06:09.571 [main] INFO org.springframework.boot.devtools.restart.RestartApplicationListener -- Restart disabled due to context in which it is running
 _____             _             _       ___  ___                                                  _           ___  ______ _____ 
/  __ \           | |           | |      |  \/  |                                                 | |         / _ \ | ___ \_   _|
| /  \/ ___  _ __ | |_ __ _  ___| |_ ___ | .  . | __ _ _ __   __ _  __ _  ___ _ __ ___   ___ _ __ | |_ ______/ /_\ \| |_/ / | |  
| |    / _ \| '_ \| __/ _` |/ __| __/ __|| |\/| |/ _` | '_ \ / _` |/ _` |/ _ \ '_ ` _ \ / _ \ '_ \| __|______|  _  ||  __/  | |  
| \__/\ (_) | | | | || (_| | (__| |_\__ \| |  | | (_| | | | | (_| | (_| |  __/ | | | | |  __/ | | | |_       | | | || |    _| |_ 
 \____/\___/|_| |_|\__\__,_|\___|\__|___/\_|  |_/\__,_|_| |_|\__,_|\__, |\___|_| |_| |_|\___|_| |_|\__|      \_| |_/\_|    \___/ 
                                                                    __/ |                                                        
                                                                   |___/                                                     
2024-10-27T00:06:10.094+05:30  INFO 7808 --- [ContactsManagementApplication] [           main] c.b.t.ContactsManagementApplicationTests : Starting ContactsManagementApplicationTests using Java 17.0.10 with PID 7808 (started by HP in D:\Microservices Workbench\ContactsManagementApplication)
2024-10-27T00:06:10.098+05:30  INFO 7808 --- [ContactsManagementApplication] [           main] c.b.t.ContactsManagementApplicationTests : No active profile set, falling back to 1 default profile: "default"
2024-10-27T00:06:11.634+05:30  INFO 7808 --- [ContactsManagementApplication] [           main] .s.d.r.c.RepositoryConfigurationDelegate : Bootstrapping Spring Data JPA repositories in DEFAULT mode.
2024-10-27T00:06:11.739+05:30  INFO 7808 --- [ContactsManagementApplication] [           main] .s.d.r.c.RepositoryConfigurationDelegate : Finished Spring Data repository scanning in 92 ms. Found 2 JPA repository interfaces.
2024-10-27T00:06:12.616+05:30  INFO 7808 --- [ContactsManagementApplication] [           main] o.hibernate.jpa.internal.util.LogHelper  : HHH000204: Processing PersistenceUnitInfo [name: default]
2024-10-27T00:06:12.722+05:30  INFO 7808 --- [ContactsManagementApplication] [           main] org.hibernate.Version                    : HHH000412: Hibernate ORM core version 6.5.3.Final
2024-10-27T00:06:12.786+05:30  INFO 7808 --- [ContactsManagementApplication] [           main] o.h.c.internal.RegionFactoryInitiator    : HHH000026: Second-level cache disabled
2024-10-27T00:06:13.355+05:30  INFO 7808 --- [ContactsManagementApplication] [           main] o.s.o.j.p.SpringPersistenceUnitInfo      : No LoadTimeWeaver setup: ignoring JPA class transformer
2024-10-27T00:06:13.407+05:30  INFO 7808 --- [ContactsManagementApplication] [           main] com.zaxxer.hikari.HikariDataSource       : HikariPool-1 - Starting...
2024-10-27T00:06:13.985+05:30  INFO 7808 --- [ContactsManagementApplication] [           main] com.zaxxer.hikari.pool.HikariPool        : HikariPool-1 - Added connection com.mysql.cj.jdbc.ConnectionImpl@2f61de04
2024-10-27T00:06:13.989+05:30  INFO 7808 --- [ContactsManagementApplication] [           main] com.zaxxer.hikari.HikariDataSource       : HikariPool-1 - Start completed.
2024-10-27T00:06:15.599+05:30  INFO 7808 --- [ContactsManagementApplication] [           main] o.h.e.t.j.p.i.JtaPlatformInitiator       : HHH000489: No JTA platform available (set 'hibernate.transaction.jta.platform' to enable JTA platform integration)
2024-10-27T00:06:15.688+05:30  INFO 7808 --- [ContactsManagementApplication] [           main] j.LocalContainerEntityManagerFactoryBean : Initialized JPA EntityManagerFactory for persistence unit 'default'
2024-10-27T00:06:16.464+05:30  WARN 7808 --- [ContactsManagementApplication] [           main] JpaBaseConfiguration$JpaWebConfiguration : spring.jpa.open-in-view is enabled by default. Therefore, database queries may be performed during view rendering. Explicitly configure spring.jpa.open-in-view to disable this warning
2024-10-27T00:06:16.501+05:30  WARN 7808 --- [ContactsManagementApplication] [           main] r$InitializeUserDetailsManagerConfigurer : Global AuthenticationManager configured with an AuthenticationProvider bean. UserDetailsService beans will not be used for username/password login. Consider removing the AuthenticationProvider bean. Alternatively, consider using the UserDetailsService in a manually instantiated DaoAuthenticationProvider.
2024-10-27T00:06:19.131+05:30  INFO 7808 --- [ContactsManagementApplication] [           main] c.b.t.ContactsManagementApplicationTests : Started ContactsManagementApplicationTests in 9.582 seconds (process running for 11.516)
]]></system-out>
  </testcase>
</testsuite>